[90m2024-07-18T13:18:56.488Z[39m [32mDEBUG[39m [97m@wdio/browserstack-service[39m Sending SDK event with data {
  userName: 'mohammedadnan_wVQc3W',
  accessKey: 'UQPGZ8Sky8ytUo7zzCjN',
  event_type: 'SDKTestAttempted',
  detectedFramework: 'WebdriverIO-mocha',
  event_properties: {
    language_framework: 'WebdriverIO_mocha',
    referrer: 'WebdriverIO-mocha/8.39.0',
    language: 'WebdriverIO',
    languageVersion: 'v20.15.0',
    buildName: 'undefined',
    buildIdentifier: 'undefined',
    sdkRunId: 'cb010086-c29c-43f4-9d65-b626a7e001b7',
    os: 'Linux',
    hostname: 'Mohammad-Adnan-Linux',
    productMap: {
      observability: true,
      accessibility: false,
      percy: false,
      automate: true,
      app_automate: false
    },
    product: [ 'observability', 'automate' ]
  }
}
[90m2024-07-18T13:18:57.122Z[39m [32mDEBUG[39m [97m@wdio/browserstack-service[39m Funnel event success
[90m2024-07-18T13:18:57.122Z[39m [32mDEBUG[39m [97m@wdio/browserstack-service[39m app is not defined in browserstack-service config, skipping ...
[90m2024-07-18T13:18:57.123Z[39m [32mDEBUG[39m [97m@wdio/browserstack-service[39m Sending launch start event
[90m2024-07-18T13:18:58.572Z[39m [32mDEBUG[39m [97m@wdio/browserstack-service[39m [Start_Build] Success response: {"build_hashed_id":"uxwdqkboqixd8fnfzyungjmr0i3s9a7ipp9fh5n8","jwt":"eyJhbGciOiJIUzI1NiJ9.eyJpc3MiOiJicm93c2Vyc3RhY2tfb2IiLCJzdWIiOiI4Njk2NjM4IiwiZ3JvdXBfaWQiOjg2MDk3NzEsInVzZXJfaWQiOjg2OTY2MzgsImJ1aWxkX2hhc2hlZF9pZCI6InV4d2Rxa2JvcWl4ZDhmbmZ6eXVuZ2ptcjBpM3M5YTdpcHA5Zmg1bjgiLCJob29rX2FzX3Rlc3QiOiIxIiwiYnVpbGRfbmFtZSI6Ik5vdGVzIiwicHJvZHVjdF9tYXAiOiJ7XCJvYnNlcnZhYmlsaXR5XCI6dHJ1ZX0iLCJncnJfcmVnaW9uIjoiIiwic2lnbmluZ19rZXlfaGFzaCI6IjU3OGZjYzQwNjA2ODkyOGYzMjc0NjRmZGNlMDViYmMzZWFkN2FlYzAzMDdjZTZiZTVkMzhkYWE0NzAyNjQ4OTYiLCJpYXQiOjE3MjEzMDg3MzgsImV4cCI6MTcyMTY1NDMzOH0.Mq_741r2Sr72UVrA9-kcXNUZEK_gUSxk_V7x2B1Q02M","allow_screenshots":true}
[90m2024-07-18T13:18:58.572Z[39m [96mINFO[39m [97m@wdio/browserstack-service[39m browserstackLocal is not enabled - skipping...
[90m2024-07-18T13:19:27.991Z[39m [32mDEBUG[39m [97m@wdio/browserstack-service[39m Requesting Browserstack session URL at https://api-cloud.browserstack.com/app-automate/sessions/85bde951c0535af471e59ab98deeb63e4b00dfe2.json
[90m2024-07-18T13:19:28.610Z[39m [32mDEBUG[39m [97m@wdio/browserstack-service[39m Requesting Browserstack session URL at https://api-cloud.browserstack.com/app-automate/sessions/edf88fb54429f5fba7b3ccf126f6e091c94df1ae.json
[90m2024-07-18T13:19:28.962Z[39m [96mINFO[39m [97m@wdio/browserstack-service[39m  session: https://app-automate.browserstack.com/builds/22c50694e92f9b1f906b5b9f8e598677c941a0e7/sessions/85bde951c0535af471e59ab98deeb63e4b00dfe2
[90m2024-07-18T13:19:28.967Z[39m [96mINFO[39m [97m@wdio/browserstack-service[39m Update job with sessionId 85bde951c0535af471e59ab98deeb63e4b00dfe2
[90m2024-07-18T13:19:28.967Z[39m [32mDEBUG[39m [97m@wdio/browserstack-service[39m Updating Browserstack session at https://api-cloud.browserstack.com/app-automate/sessions/85bde951c0535af471e59ab98deeb63e4b00dfe2.json with request body: 
[90m2024-07-18T13:19:29.019Z[39m [96mINFO[39m [97m@wdio/browserstack-service[39m  session: https://app-automate.browserstack.com/builds/22c50694e92f9b1f906b5b9f8e598677c941a0e7/sessions/edf88fb54429f5fba7b3ccf126f6e091c94df1ae
[90m2024-07-18T13:19:29.024Z[39m [96mINFO[39m [97m@wdio/browserstack-service[39m Update job with sessionId edf88fb54429f5fba7b3ccf126f6e091c94df1ae
[90m2024-07-18T13:19:29.025Z[39m [32mDEBUG[39m [97m@wdio/browserstack-service[39m Updating Browserstack session at https://api-cloud.browserstack.com/app-automate/sessions/edf88fb54429f5fba7b3ccf126f6e091c94df1ae.json with request body: 
[90m2024-07-18T13:19:29.297Z[39m [32mDEBUG[39m [97m@wdio/browserstack-service[39m Added data to request queue. Queue length = 1
[90m2024-07-18T13:19:29.369Z[39m [96mINFO[39m [97m@wdio/browserstack-service[39m Update job with sessionId edf88fb54429f5fba7b3ccf126f6e091c94df1ae
[90m2024-07-18T13:19:29.369Z[39m [32mDEBUG[39m [97m@wdio/browserstack-service[39m Updating Browserstack session at https://api-cloud.browserstack.com/app-automate/sessions/edf88fb54429f5fba7b3ccf126f6e091c94df1ae.json with request body: 
[90m2024-07-18T13:19:29.745Z[39m [32mDEBUG[39m [97m@wdio/browserstack-service[39m Added data to request queue. Queue length = 2
[90m2024-07-18T13:19:29.769Z[39m [32mDEBUG[39m [97m@wdio/browserstack-service[39m Added data to request queue. Queue length = 1
[90m2024-07-18T13:19:30.100Z[39m [32mDEBUG[39m [97m@wdio/browserstack-service[39m Added data to request queue. Queue length = 3
[90m2024-07-18T13:19:30.307Z[39m [32mDEBUG[39m [97m@wdio/browserstack-service[39m Added data to request queue. Queue length = 2
[90m2024-07-18T13:19:30.723Z[39m [32mDEBUG[39m [97m@wdio/browserstack-service[39m Added data to request queue. Queue length = 3
[90m2024-07-18T13:19:31.234Z[39m [32mDEBUG[39m [97m@wdio/browserstack-service[39m Added data to request queue. Queue length = 4
[90m2024-07-18T13:19:31.297Z[39m [32mDEBUG[39m [97m@wdio/browserstack-service[39m Sending data from request queue. Data length = 4, Queue length after removal = 0
[90m2024-07-18T13:19:31.297Z[39m [32mDEBUG[39m [97m@wdio/browserstack-service[39m calling callback with kind INTERVAL_QUEUE
[90m2024-07-18T13:19:31.297Z[39m [32mDEBUG[39m [97m@wdio/browserstack-service[39m callback: called with events 4
[90m2024-07-18T13:19:31.595Z[39m [32mDEBUG[39m [97m@wdio/browserstack-service[39m Added data to request queue. Queue length = 1
[90m2024-07-18T13:19:31.771Z[39m [32mDEBUG[39m [97m@wdio/browserstack-service[39m Sending data from request queue. Data length = 3, Queue length after removal = 0
[90m2024-07-18T13:19:31.771Z[39m [32mDEBUG[39m [97m@wdio/browserstack-service[39m calling callback with kind INTERVAL_QUEUE
[90m2024-07-18T13:19:31.771Z[39m [32mDEBUG[39m [97m@wdio/browserstack-service[39m callback: called with events 3
[90m2024-07-18T13:19:31.858Z[39m [32mDEBUG[39m [97m@wdio/browserstack-service[39m Added data to request queue. Queue length = 1
[90m2024-07-18T13:19:32.047Z[39m [32mDEBUG[39m [97m@wdio/browserstack-service[39m Added data to request queue. Queue length = 2
[90m2024-07-18T13:19:32.215Z[39m [32mDEBUG[39m [97m@wdio/browserstack-service[39m Added data to request queue. Queue length = 2
[90m2024-07-18T13:19:32.218Z[39m [32mDEBUG[39m [97m@wdio/browserstack-service[39m calling testFinished
[90m2024-07-18T13:19:32.218Z[39m [32mDEBUG[39m [97m@wdio/browserstack-service[39m Added data to request queue. Queue length = 3
[90m2024-07-18T13:19:32.218Z[39m [32mDEBUG[39m [97m@wdio/browserstack-service[39m Accessibility after test hook. Before sending test stop event
[90m2024-07-18T13:19:32.220Z[39m [96mINFO[39m [97m@wdio/browserstack-service[39m Update job with sessionId edf88fb54429f5fba7b3ccf126f6e091c94df1ae
[90m2024-07-18T13:19:32.221Z[39m [32mDEBUG[39m [97m@wdio/browserstack-service[39m Updating Browserstack session at https://api-cloud.browserstack.com/app-automate/sessions/edf88fb54429f5fba7b3ccf126f6e091c94df1ae.json with request body: 
[90m2024-07-18T13:19:32.234Z[39m [32mDEBUG[39m [97m@wdio/browserstack-service[39m [BATCH_DATA] Success response: {"success":true}
[90m2024-07-18T13:19:32.234Z[39m [32mDEBUG[39m [97m@wdio/browserstack-service[39m callback: marking events success 4
[90m2024-07-18T13:19:32.412Z[39m [32mDEBUG[39m [97m@wdio/browserstack-service[39m Added data to request queue. Queue length = 3
[90m2024-07-18T13:19:32.605Z[39m [32mDEBUG[39m [97m@wdio/browserstack-service[39m Added data to request queue. Queue length = 4
[90m2024-07-18T13:19:32.686Z[39m [32mDEBUG[39m [97m@wdio/browserstack-service[39m [BATCH_DATA] Success response: {"success":true}
[90m2024-07-18T13:19:32.687Z[39m [32mDEBUG[39m [97m@wdio/browserstack-service[39m callback: marking events success 3
[90m2024-07-18T13:19:33.062Z[39m [32mDEBUG[39m [97m@wdio/browserstack-service[39m Added data to request queue. Queue length = 5
[90m2024-07-18T13:19:33.118Z[39m [32mDEBUG[39m [97m@wdio/browserstack-service[39m Added data to request queue. Queue length = 4
[90m2024-07-18T13:19:33.297Z[39m [32mDEBUG[39m [97m@wdio/browserstack-service[39m Sending data from request queue. Data length = 4, Queue length after removal = 0
[90m2024-07-18T13:19:33.297Z[39m [32mDEBUG[39m [97m@wdio/browserstack-service[39m calling callback with kind INTERVAL_QUEUE
[90m2024-07-18T13:19:33.297Z[39m [32mDEBUG[39m [97m@wdio/browserstack-service[39m callback: called with events 4
[90m2024-07-18T13:19:33.463Z[39m [32mDEBUG[39m [97m@wdio/browserstack-service[39m Added data to request queue. Queue length = 1
[90m2024-07-18T13:19:33.517Z[39m [32mDEBUG[39m [97m@wdio/browserstack-service[39m Added data to request queue. Queue length = 6
[90m2024-07-18T13:19:33.554Z[39m [32mDEBUG[39m [97m@wdio/browserstack-service[39m [BATCH_DATA] Success response: {"success":true}
[90m2024-07-18T13:19:33.554Z[39m [32mDEBUG[39m [97m@wdio/browserstack-service[39m callback: marking events success 4
[90m2024-07-18T13:19:33.772Z[39m [32mDEBUG[39m [97m@wdio/browserstack-service[39m Sending data from request queue. Data length = 6, Queue length after removal = 0
[90m2024-07-18T13:19:33.772Z[39m [32mDEBUG[39m [97m@wdio/browserstack-service[39m calling callback with kind INTERVAL_QUEUE
[90m2024-07-18T13:19:33.772Z[39m [32mDEBUG[39m [97m@wdio/browserstack-service[39m callback: called with events 6
[90m2024-07-18T13:19:34.028Z[39m [32mDEBUG[39m [97m@wdio/browserstack-service[39m [BATCH_DATA] Success response: {"success":true}
[90m2024-07-18T13:19:34.028Z[39m [32mDEBUG[39m [97m@wdio/browserstack-service[39m callback: marking events success 6
[90m2024-07-18T13:19:34.106Z[39m [32mDEBUG[39m [97m@wdio/browserstack-service[39m Added data to request queue. Queue length = 1
[90m2024-07-18T13:19:34.441Z[39m [32mDEBUG[39m [97m@wdio/browserstack-service[39m Added data to request queue. Queue length = 2
[90m2024-07-18T13:19:34.640Z[39m [32mDEBUG[39m [97m@wdio/browserstack-service[39m Added data to request queue. Queue length = 2
[90m2024-07-18T13:19:35.271Z[39m [32mDEBUG[39m [97m@wdio/browserstack-service[39m Added data to request queue. Queue length = 3
[90m2024-07-18T13:19:35.297Z[39m [32mDEBUG[39m [97m@wdio/browserstack-service[39m Sending data from request queue. Data length = 3, Queue length after removal = 0
[90m2024-07-18T13:19:35.297Z[39m [32mDEBUG[39m [97m@wdio/browserstack-service[39m calling callback with kind INTERVAL_QUEUE
[90m2024-07-18T13:19:35.297Z[39m [32mDEBUG[39m [97m@wdio/browserstack-service[39m callback: called with events 3
[90m2024-07-18T13:19:35.534Z[39m [32mDEBUG[39m [97m@wdio/browserstack-service[39m [BATCH_DATA] Success response: {"success":true}
[90m2024-07-18T13:19:35.534Z[39m [32mDEBUG[39m [97m@wdio/browserstack-service[39m callback: marking events success 3
[90m2024-07-18T13:19:35.708Z[39m [32mDEBUG[39m [97m@wdio/browserstack-service[39m Added data to request queue. Queue length = 1
[90m2024-07-18T13:19:35.774Z[39m [32mDEBUG[39m [97m@wdio/browserstack-service[39m Sending data from request queue. Data length = 2, Queue length after removal = 0
[90m2024-07-18T13:19:35.774Z[39m [32mDEBUG[39m [97m@wdio/browserstack-service[39m calling callback with kind INTERVAL_QUEUE
[90m2024-07-18T13:19:35.774Z[39m [32mDEBUG[39m [97m@wdio/browserstack-service[39m callback: called with events 2
[90m2024-07-18T13:19:35.814Z[39m [32mDEBUG[39m [97m@wdio/browserstack-service[39m Added data to request queue. Queue length = 1
[90m2024-07-18T13:19:36.005Z[39m [32mDEBUG[39m [97m@wdio/browserstack-service[39m [BATCH_DATA] Success response: {"success":true}
[90m2024-07-18T13:19:36.005Z[39m [32mDEBUG[39m [97m@wdio/browserstack-service[39m callback: marking events success 2
[90m2024-07-18T13:19:36.075Z[39m [32mDEBUG[39m [97m@wdio/browserstack-service[39m Added data to request queue. Queue length = 2
[90m2024-07-18T13:19:36.293Z[39m [32mDEBUG[39m [97m@wdio/browserstack-service[39m Added data to request queue. Queue length = 2
[90m2024-07-18T13:19:36.623Z[39m [32mDEBUG[39m [97m@wdio/browserstack-service[39m Added data to request queue. Queue length = 3
[90m2024-07-18T13:19:36.745Z[39m [32mDEBUG[39m [97m@wdio/browserstack-service[39m Added data to request queue. Queue length = 3
[90m2024-07-18T13:19:36.995Z[39m [32mDEBUG[39m [97m@wdio/browserstack-service[39m Added data to request queue. Queue length = 4
[90m2024-07-18T13:19:37.215Z[39m [32mDEBUG[39m [97m@wdio/browserstack-service[39m Added data to request queue. Queue length = 4
[90m2024-07-18T13:19:37.296Z[39m [32mDEBUG[39m [97m@wdio/browserstack-service[39m Sending data from request queue. Data length = 4, Queue length after removal = 0
[90m2024-07-18T13:19:37.297Z[39m [32mDEBUG[39m [97m@wdio/browserstack-service[39m calling callback with kind INTERVAL_QUEUE
[90m2024-07-18T13:19:37.297Z[39m [32mDEBUG[39m [97m@wdio/browserstack-service[39m callback: called with events 4
[90m2024-07-18T13:19:37.627Z[39m [32mDEBUG[39m [97m@wdio/browserstack-service[39m [BATCH_DATA] Success response: {"success":true}
[90m2024-07-18T13:19:37.627Z[39m [32mDEBUG[39m [97m@wdio/browserstack-service[39m callback: marking events success 4
[90m2024-07-18T13:19:37.731Z[39m [32mDEBUG[39m [97m@wdio/browserstack-service[39m Added data to request queue. Queue length = 5
[90m2024-07-18T13:19:37.773Z[39m [32mDEBUG[39m [97m@wdio/browserstack-service[39m Sending data from request queue. Data length = 5, Queue length after removal = 0
[90m2024-07-18T13:19:37.773Z[39m [32mDEBUG[39m [97m@wdio/browserstack-service[39m calling callback with kind INTERVAL_QUEUE
[90m2024-07-18T13:19:37.773Z[39m [32mDEBUG[39m [97m@wdio/browserstack-service[39m callback: called with events 5
[90m2024-07-18T13:19:37.787Z[39m [32mDEBUG[39m [97m@wdio/browserstack-service[39m Added data to request queue. Queue length = 1
[90m2024-07-18T13:19:38.018Z[39m [32mDEBUG[39m [97m@wdio/browserstack-service[39m [BATCH_DATA] Success response: {"success":true}
[90m2024-07-18T13:19:38.018Z[39m [32mDEBUG[39m [97m@wdio/browserstack-service[39m callback: marking events success 5
[90m2024-07-18T13:19:38.209Z[39m [32mDEBUG[39m [97m@wdio/browserstack-service[39m Added data to request queue. Queue length = 1
[90m2024-07-18T13:19:38.535Z[39m [32mDEBUG[39m [97m@wdio/browserstack-service[39m Added data to request queue. Queue length = 2
[90m2024-07-18T13:19:38.871Z[39m [32mDEBUG[39m [97m@wdio/browserstack-service[39m Added data to request queue. Queue length = 2
[90m2024-07-18T13:19:39.087Z[39m [32mDEBUG[39m [97m@wdio/browserstack-service[39m Added data to request queue. Queue length = 3
[90m2024-07-18T13:19:39.297Z[39m [32mDEBUG[39m [97m@wdio/browserstack-service[39m Sending data from request queue. Data length = 3, Queue length after removal = 0
[90m2024-07-18T13:19:39.297Z[39m [32mDEBUG[39m [97m@wdio/browserstack-service[39m calling callback with kind INTERVAL_QUEUE
[90m2024-07-18T13:19:39.297Z[39m [32mDEBUG[39m [97m@wdio/browserstack-service[39m callback: called with events 3
[90m2024-07-18T13:19:39.438Z[39m [32mDEBUG[39m [97m@wdio/browserstack-service[39m Added data to request queue. Queue length = 1
[90m2024-07-18T13:19:39.532Z[39m [32mDEBUG[39m [97m@wdio/browserstack-service[39m [BATCH_DATA] Success response: {"success":true}
[90m2024-07-18T13:19:39.532Z[39m [32mDEBUG[39m [97m@wdio/browserstack-service[39m callback: marking events success 3
[90m2024-07-18T13:19:39.532Z[39m [32mDEBUG[39m [97m@wdio/browserstack-service[39m Added data to request queue. Queue length = 3
[90m2024-07-18T13:19:39.774Z[39m [32mDEBUG[39m [97m@wdio/browserstack-service[39m Sending data from request queue. Data length = 3, Queue length after removal = 0
[90m2024-07-18T13:19:39.774Z[39m [32mDEBUG[39m [97m@wdio/browserstack-service[39m calling callback with kind INTERVAL_QUEUE
[90m2024-07-18T13:19:39.774Z[39m [32mDEBUG[39m [97m@wdio/browserstack-service[39m callback: called with events 3
[90m2024-07-18T13:19:39.806Z[39m [32mDEBUG[39m [97m@wdio/browserstack-service[39m Added data to request queue. Queue length = 2
[90m2024-07-18T13:19:40.012Z[39m [32mDEBUG[39m [97m@wdio/browserstack-service[39m [BATCH_DATA] Success response: {"success":true}
[90m2024-07-18T13:19:40.012Z[39m [32mDEBUG[39m [97m@wdio/browserstack-service[39m callback: marking events success 3
[90m2024-07-18T13:19:40.185Z[39m [32mDEBUG[39m [97m@wdio/browserstack-service[39m Added data to request queue. Queue length = 3
[90m2024-07-18T13:19:40.203Z[39m [32mDEBUG[39m [97m@wdio/browserstack-service[39m Added data to request queue. Queue length = 1
[90m2024-07-18T13:19:40.536Z[39m [32mDEBUG[39m [97m@wdio/browserstack-service[39m Added data to request queue. Queue length = 2
[90m2024-07-18T13:19:40.585Z[39m [32mDEBUG[39m [97m@wdio/browserstack-service[39m Added data to request queue. Queue length = 4
[90m2024-07-18T13:19:40.586Z[39m [32mDEBUG[39m [97m@wdio/browserstack-service[39m Added data to request queue. Queue length = 5
[90m2024-07-18T13:19:40.588Z[39m [96mINFO[39m [97m@wdio/browserstack-service[39m Update job with sessionId 85bde951c0535af471e59ab98deeb63e4b00dfe2
[90m2024-07-18T13:19:40.588Z[39m [32mDEBUG[39m [97m@wdio/browserstack-service[39m Updating Browserstack session at https://api-cloud.browserstack.com/app-automate/sessions/85bde951c0535af471e59ab98deeb63e4b00dfe2.json with request body: 
[90m2024-07-18T13:19:40.953Z[39m [32mDEBUG[39m [97m@wdio/browserstack-service[39m Added data to request queue. Queue length = 3
[90m2024-07-18T13:19:41.103Z[39m [32mDEBUG[39m [97m@wdio/browserstack-service[39m Added data to request queue. Queue length = 6
[90m2024-07-18T13:19:41.297Z[39m [32mDEBUG[39m [97m@wdio/browserstack-service[39m Sending data from request queue. Data length = 6, Queue length after removal = 0
[90m2024-07-18T13:19:41.297Z[39m [32mDEBUG[39m [97m@wdio/browserstack-service[39m calling callback with kind INTERVAL_QUEUE
[90m2024-07-18T13:19:41.297Z[39m [32mDEBUG[39m [97m@wdio/browserstack-service[39m callback: called with events 6
[90m2024-07-18T13:19:41.336Z[39m [32mDEBUG[39m [97m@wdio/browserstack-service[39m Added data to request queue. Queue length = 4
[90m2024-07-18T13:19:41.338Z[39m [32mDEBUG[39m [97m@wdio/browserstack-service[39m calling testFinished
[90m2024-07-18T13:19:41.338Z[39m [32mDEBUG[39m [97m@wdio/browserstack-service[39m Added data to request queue. Queue length = 5
[90m2024-07-18T13:19:41.338Z[39m [32mDEBUG[39m [97m@wdio/browserstack-service[39m Accessibility after test hook. Before sending test stop event
[90m2024-07-18T13:19:41.340Z[39m [96mINFO[39m [97m@wdio/browserstack-service[39m Update job with sessionId edf88fb54429f5fba7b3ccf126f6e091c94df1ae
[90m2024-07-18T13:19:41.341Z[39m [32mDEBUG[39m [97m@wdio/browserstack-service[39m Updating Browserstack session at https://api-cloud.browserstack.com/app-automate/sessions/edf88fb54429f5fba7b3ccf126f6e091c94df1ae.json with request body: 
[90m2024-07-18T13:19:41.536Z[39m [32mDEBUG[39m [97m@wdio/browserstack-service[39m [BATCH_DATA] Success response: {"success":true}
[90m2024-07-18T13:19:41.536Z[39m [32mDEBUG[39m [97m@wdio/browserstack-service[39m callback: marking events success 6
[90m2024-07-18T13:19:41.774Z[39m [32mDEBUG[39m [97m@wdio/browserstack-service[39m Sending data from request queue. Data length = 5, Queue length after removal = 0
[90m2024-07-18T13:19:41.774Z[39m [32mDEBUG[39m [97m@wdio/browserstack-service[39m calling callback with kind INTERVAL_QUEUE
[90m2024-07-18T13:19:41.774Z[39m [32mDEBUG[39m [97m@wdio/browserstack-service[39m callback: called with events 5
[90m2024-07-18T13:19:41.823Z[39m [32mDEBUG[39m [97m@wdio/browserstack-service[39m Added data to request queue. Queue length = 1
[90m2024-07-18T13:19:42.066Z[39m [32mDEBUG[39m [97m@wdio/browserstack-service[39m [BATCH_DATA] Success response: {"success":true}
[90m2024-07-18T13:19:42.066Z[39m [32mDEBUG[39m [97m@wdio/browserstack-service[39m callback: marking events success 5
[90m2024-07-18T13:19:42.125Z[39m [32mDEBUG[39m [97m@wdio/browserstack-service[39m teardown started
[90m2024-07-18T13:19:42.125Z[39m [32mDEBUG[39m [97m@wdio/browserstack-service[39m shutdown started
[90m2024-07-18T13:19:42.125Z[39m [32mDEBUG[39m [97m@wdio/browserstack-service[39m Shutting down request queue
[90m2024-07-18T13:19:42.125Z[39m [32mDEBUG[39m [97m@wdio/browserstack-service[39m shutdown ended
[90m2024-07-18T13:19:42.125Z[39m [32mDEBUG[39m [97m@wdio/browserstack-service[39m teardown ended
[90m2024-07-18T13:19:42.204Z[39m [32mDEBUG[39m [97m@wdio/browserstack-service[39m Added data to request queue. Queue length = 2
[90m2024-07-18T13:19:42.640Z[39m [32mDEBUG[39m [97m@wdio/browserstack-service[39m Added data to request queue. Queue length = 3
[90m2024-07-18T13:19:43.058Z[39m [32mDEBUG[39m [97m@wdio/browserstack-service[39m Added data to request queue. Queue length = 4
[90m2024-07-18T13:19:43.298Z[39m [32mDEBUG[39m [97m@wdio/browserstack-service[39m Sending data from request queue. Data length = 4, Queue length after removal = 0
[90m2024-07-18T13:19:43.298Z[39m [32mDEBUG[39m [97m@wdio/browserstack-service[39m calling callback with kind INTERVAL_QUEUE
[90m2024-07-18T13:19:43.298Z[39m [32mDEBUG[39m [97m@wdio/browserstack-service[39m callback: called with events 4
[90m2024-07-18T13:19:43.387Z[39m [32mDEBUG[39m [97m@wdio/browserstack-service[39m Added data to request queue. Queue length = 1
[90m2024-07-18T13:19:43.387Z[39m [32mDEBUG[39m [97m@wdio/browserstack-service[39m Force request-queue shutdown, as test run event is received after teardown
[90m2024-07-18T13:19:43.387Z[39m [32mDEBUG[39m [97m@wdio/browserstack-service[39m Sending data from request queue. Data length = 1, Queue length after removal = 0
[90m2024-07-18T13:19:43.387Z[39m [32mDEBUG[39m [97m@wdio/browserstack-service[39m calling callback with kind INTERVAL_QUEUE
[90m2024-07-18T13:19:43.387Z[39m [32mDEBUG[39m [97m@wdio/browserstack-service[39m callback: called with events 1
[90m2024-07-18T13:19:43.549Z[39m [32mDEBUG[39m [97m@wdio/browserstack-service[39m [BATCH_DATA] Success response: {"success":true}
[90m2024-07-18T13:19:43.549Z[39m [32mDEBUG[39m [97m@wdio/browserstack-service[39m callback: marking events success 4
[90m2024-07-18T13:19:43.665Z[39m [32mDEBUG[39m [97m@wdio/browserstack-service[39m Added data to request queue. Queue length = 1
[90m2024-07-18T13:19:44.075Z[39m [32mDEBUG[39m [97m@wdio/browserstack-service[39m Added data to request queue. Queue length = 2
[90m2024-07-18T13:19:44.750Z[39m [32mDEBUG[39m [97m@wdio/browserstack-service[39m Added data to request queue. Queue length = 3
[90m2024-07-18T13:19:45.107Z[39m [32mDEBUG[39m [97m@wdio/browserstack-service[39m Added data to request queue. Queue length = 4
[90m2024-07-18T13:19:45.299Z[39m [32mDEBUG[39m [97m@wdio/browserstack-service[39m Sending data from request queue. Data length = 4, Queue length after removal = 0
[90m2024-07-18T13:19:45.299Z[39m [32mDEBUG[39m [97m@wdio/browserstack-service[39m calling callback with kind INTERVAL_QUEUE
[90m2024-07-18T13:19:45.299Z[39m [32mDEBUG[39m [97m@wdio/browserstack-service[39m callback: called with events 4
[90m2024-07-18T13:19:45.535Z[39m [32mDEBUG[39m [97m@wdio/browserstack-service[39m [BATCH_DATA] Success response: {"success":true}
[90m2024-07-18T13:19:45.535Z[39m [32mDEBUG[39m [97m@wdio/browserstack-service[39m callback: marking events success 4
[90m2024-07-18T13:19:45.946Z[39m [32mDEBUG[39m [97m@wdio/browserstack-service[39m Added data to request queue. Queue length = 1
[90m2024-07-18T13:19:47.300Z[39m [32mDEBUG[39m [97m@wdio/browserstack-service[39m Sending data from request queue. Data length = 1, Queue length after removal = 0
[90m2024-07-18T13:19:47.300Z[39m [32mDEBUG[39m [97m@wdio/browserstack-service[39m calling callback with kind INTERVAL_QUEUE
[90m2024-07-18T13:19:47.300Z[39m [32mDEBUG[39m [97m@wdio/browserstack-service[39m callback: called with events 1
[90m2024-07-18T13:19:47.354Z[39m [32mDEBUG[39m [97m@wdio/browserstack-service[39m Added data to request queue. Queue length = 1
[90m2024-07-18T13:19:47.576Z[39m [32mDEBUG[39m [97m@wdio/browserstack-service[39m [BATCH_DATA] Success response: {"success":true}
[90m2024-07-18T13:19:47.576Z[39m [32mDEBUG[39m [97m@wdio/browserstack-service[39m callback: marking events success 1
[90m2024-07-18T13:19:47.763Z[39m [32mDEBUG[39m [97m@wdio/browserstack-service[39m Added data to request queue. Queue length = 2
[90m2024-07-18T13:19:48.790Z[39m [32mDEBUG[39m [97m@wdio/browserstack-service[39m Added data to request queue. Queue length = 3
[90m2024-07-18T13:19:49.301Z[39m [32mDEBUG[39m [97m@wdio/browserstack-service[39m Sending data from request queue. Data length = 3, Queue length after removal = 0
[90m2024-07-18T13:19:49.301Z[39m [32mDEBUG[39m [97m@wdio/browserstack-service[39m calling callback with kind INTERVAL_QUEUE
[90m2024-07-18T13:19:49.301Z[39m [32mDEBUG[39m [97m@wdio/browserstack-service[39m callback: called with events 3
[90m2024-07-18T13:19:49.555Z[39m [32mDEBUG[39m [97m@wdio/browserstack-service[39m [BATCH_DATA] Success response: {"success":true}
[90m2024-07-18T13:19:49.555Z[39m [32mDEBUG[39m [97m@wdio/browserstack-service[39m callback: marking events success 3
[90m2024-07-18T13:19:50.299Z[39m [32mDEBUG[39m [97m@wdio/browserstack-service[39m Added data to request queue. Queue length = 1
[90m2024-07-18T13:19:50.822Z[39m [32mDEBUG[39m [97m@wdio/browserstack-service[39m Added data to request queue. Queue length = 2
[90m2024-07-18T13:19:51.195Z[39m [32mDEBUG[39m [97m@wdio/browserstack-service[39m Added data to request queue. Queue length = 3
[90m2024-07-18T13:19:51.196Z[39m [32mDEBUG[39m [97m@wdio/browserstack-service[39m calling testFinished
[90m2024-07-18T13:19:51.196Z[39m [32mDEBUG[39m [97m@wdio/browserstack-service[39m Added data to request queue. Queue length = 4
[90m2024-07-18T13:19:51.197Z[39m [32mDEBUG[39m [97m@wdio/browserstack-service[39m Accessibility after test hook. Before sending test stop event
[90m2024-07-18T13:19:51.200Z[39m [96mINFO[39m [97m@wdio/browserstack-service[39m Update job with sessionId 85bde951c0535af471e59ab98deeb63e4b00dfe2
[90m2024-07-18T13:19:51.200Z[39m [32mDEBUG[39m [97m@wdio/browserstack-service[39m Updating Browserstack session at https://api-cloud.browserstack.com/app-automate/sessions/85bde951c0535af471e59ab98deeb63e4b00dfe2.json with request body: 
[90m2024-07-18T13:19:51.302Z[39m [32mDEBUG[39m [97m@wdio/browserstack-service[39m Sending data from request queue. Data length = 4, Queue length after removal = 0
[90m2024-07-18T13:19:51.302Z[39m [32mDEBUG[39m [97m@wdio/browserstack-service[39m calling callback with kind INTERVAL_QUEUE
[90m2024-07-18T13:19:51.302Z[39m [32mDEBUG[39m [97m@wdio/browserstack-service[39m callback: called with events 4
[90m2024-07-18T13:19:51.570Z[39m [32mDEBUG[39m [97m@wdio/browserstack-service[39m [BATCH_DATA] Success response: {"success":true}
[90m2024-07-18T13:19:51.570Z[39m [32mDEBUG[39m [97m@wdio/browserstack-service[39m callback: marking events success 4
[90m2024-07-18T13:19:51.961Z[39m [32mDEBUG[39m [97m@wdio/browserstack-service[39m teardown started
[90m2024-07-18T13:19:51.962Z[39m [32mDEBUG[39m [97m@wdio/browserstack-service[39m shutdown started
[90m2024-07-18T13:19:51.962Z[39m [32mDEBUG[39m [97m@wdio/browserstack-service[39m Shutting down request queue
[90m2024-07-18T13:19:51.962Z[39m [32mDEBUG[39m [97m@wdio/browserstack-service[39m shutdown ended
[90m2024-07-18T13:19:51.962Z[39m [32mDEBUG[39m [97m@wdio/browserstack-service[39m teardown ended
[90m2024-07-18T13:19:53.237Z[39m [32mDEBUG[39m [97m@wdio/browserstack-service[39m Added data to request queue. Queue length = 1
[90m2024-07-18T13:19:53.237Z[39m [32mDEBUG[39m [97m@wdio/browserstack-service[39m Force request-queue shutdown, as test run event is received after teardown
[90m2024-07-18T13:19:53.237Z[39m [32mDEBUG[39m [97m@wdio/browserstack-service[39m Sending data from request queue. Data length = 1, Queue length after removal = 0
[90m2024-07-18T13:19:53.237Z[39m [32mDEBUG[39m [97m@wdio/browserstack-service[39m calling callback with kind INTERVAL_QUEUE
[90m2024-07-18T13:19:53.237Z[39m [32mDEBUG[39m [97m@wdio/browserstack-service[39m callback: called with events 1
[90m2024-07-18T13:19:53.369Z[39m [32mDEBUG[39m [97m@wdio/browserstack-service[39m Inside OnComplete hook..
[90m2024-07-18T13:19:53.369Z[39m [32mDEBUG[39m [97m@wdio/browserstack-service[39m Sending stop launch event
[90m2024-07-18T13:19:53.693Z[39m [32mDEBUG[39m [97m@wdio/browserstack-service[39m [STOP_BUILD] Success response: ""
[90m2024-07-18T13:19:53.693Z[39m [32mDEBUG[39m [97m@wdio/browserstack-service[39m Reading worker file worker-data-26270.json
[90m2024-07-18T13:19:53.694Z[39m [32mDEBUG[39m [97m@wdio/browserstack-service[39m Reading worker file worker-data-26276.json
[90m2024-07-18T13:19:53.697Z[39m [32mDEBUG[39m [97m@wdio/browserstack-service[39m Sending SDK event with data {
  userName: 'mohammedadnan_wVQc3W',
  accessKey: 'UQPGZ8Sky8ytUo7zzCjN',
  event_type: 'SDKTestSuccessful',
  detectedFramework: 'WebdriverIO-mocha',
  event_properties: {
    language_framework: 'WebdriverIO_mocha',
    referrer: 'WebdriverIO-mocha/8.39.0',
    language: 'WebdriverIO',
    languageVersion: 'v20.15.0',
    buildName: 'undefined',
    buildIdentifier: 'undefined',
    sdkRunId: 'cb010086-c29c-43f4-9d65-b626a7e001b7',
    os: 'Linux',
    hostname: 'Mohammad-Adnan-Linux',
    productMap: {
      observability: true,
      accessibility: false,
      percy: false,
      automate: true,
      app_automate: false
    },
    product: [ 'observability', 'automate' ],
    testhub_uuid: 'uxwdqkboqixd8fnfzyungjmr0i3s9a7ipp9fh5n8',
    productUsage: {
      testObservability: {
        enabled: true,
        manuallySet: false,
        buildHashedId: 'uxwdqkboqixd8fnfzyungjmr0i3s9a7ipp9fh5n8',
        events: {
          buildEvents: {
            started: { isTriggered: true, status: 'success', error: undefined },
            finished: { isTriggered: true, status: 'success', error: undefined }
          },
          testEvents: {
            started: { triggeredCount: 3, sentCount: 3, failedCount: 0 },
            finished: { triggeredCount: 3, sentCount: 3, failedCount: 0 },
            passed: { triggeredCount: 3, sentCount: 3, failedCount: 0 }
          },
          hookEvents: {
            started: { triggeredCount: 1, sentCount: 1, failedCount: 0 },
            finished: { triggeredCount: 1, sentCount: 1, failedCount: 0 },
            passed: { triggeredCount: 1, sentCount: 1, failedCount: 0 }
          },
          logEvents: {
            triggeredCount: 56,
            sentCount: 56,
            failedCount: 0,
            http: { triggeredCount: 56, sentCount: 56, failedCount: 0 }
          },
          cbtSessionEvents: { triggeredCount: 0, sentCount: 0, failedCount: 0 }
        }
      }
    }
  }
}
[90m2024-07-18T13:19:54.114Z[39m [32mDEBUG[39m [97m@wdio/browserstack-service[39m Funnel event success
[90m2024-07-18T13:19:55.442Z[39m [32mDEBUG[39m [97m@wdio/browserstack-service[39m Response - {
  status: 'success',
  message: 'Logs upload successful in file - logs.gz'
}
